<?xml version="1.0" encoding="UTF-8"?>
<testsuite name="com.ecommerce.controller.CategoriesControllerTest" tests="2" skipped="0" failures="0" errors="0" timestamp="2022-11-12T22:43:03" hostname="MacBook-Air-de-Javier.local" time="1.736">
  <properties/>
  <testcase name="testGetTopFive()" classname="com.ecommerce.controller.CategoriesControllerTest" time="1.037"/>
  <testcase name="testGetExceptTopFive()" classname="com.ecommerce.controller.CategoriesControllerTest" time="0.693"/>
  <system-out><![CDATA[2022-11-12 19:43:03.553  INFO 83620 --- [    Test worker] .b.t.c.SpringBootTestContextBootstrapper : Neither @ContextConfiguration nor @ContextHierarchy found for test class [com.ecommerce.controller.CategoriesControllerTest], using SpringBootContextLoader
2022-11-12 19:43:03.554  INFO 83620 --- [    Test worker] o.s.t.c.support.AbstractContextLoader    : Could not detect default resource locations for test class [com.ecommerce.controller.CategoriesControllerTest]: no resource found for suffixes {-context.xml, Context.groovy}.
2022-11-12 19:43:03.554  INFO 83620 --- [    Test worker] t.c.s.AnnotationConfigContextLoaderUtils : Could not detect default configuration classes for test class [com.ecommerce.controller.CategoriesControllerTest]: CategoriesControllerTest does not declare any static, non-private, non-final, nested classes annotated with @Configuration.
2022-11-12 19:43:03.558  INFO 83620 --- [    Test worker] .b.t.c.SpringBootTestContextBootstrapper : Found @SpringBootConfiguration com.ecommerce.JavaRecruitingHsaApplication for test class com.ecommerce.controller.CategoriesControllerTest
2022-11-12 19:43:03.563  INFO 83620 --- [    Test worker] .b.t.c.SpringBootTestContextBootstrapper : Loaded default TestExecutionListener class names from location [META-INF/spring.factories]: [org.springframework.boot.test.autoconfigure.restdocs.RestDocsTestExecutionListener, org.springframework.boot.test.autoconfigure.web.client.MockRestServiceServerResetTestExecutionListener, org.springframework.boot.test.autoconfigure.web.servlet.MockMvcPrintOnlyOnFailureTestExecutionListener, org.springframework.boot.test.autoconfigure.web.servlet.WebDriverTestExecutionListener, org.springframework.boot.test.autoconfigure.webservices.client.MockWebServiceServerTestExecutionListener, org.springframework.boot.test.mock.mockito.MockitoTestExecutionListener, org.springframework.boot.test.mock.mockito.ResetMocksTestExecutionListener, org.springframework.test.context.web.ServletTestExecutionListener, org.springframework.test.context.support.DirtiesContextBeforeModesTestExecutionListener, org.springframework.test.context.event.ApplicationEventsTestExecutionListener, org.springframework.test.context.support.DependencyInjectionTestExecutionListener, org.springframework.test.context.support.DirtiesContextTestExecutionListener, org.springframework.test.context.transaction.TransactionalTestExecutionListener, org.springframework.test.context.jdbc.SqlScriptsTestExecutionListener, org.springframework.test.context.event.EventPublishingTestExecutionListener]
2022-11-12 19:43:03.564  INFO 83620 --- [    Test worker] .b.t.c.SpringBootTestContextBootstrapper : Using TestExecutionListeners: [org.springframework.test.context.web.ServletTestExecutionListener@4b8a0d03, org.springframework.test.context.support.DirtiesContextBeforeModesTestExecutionListener@54f373d4, org.springframework.test.context.event.ApplicationEventsTestExecutionListener@1c53bd49, org.springframework.boot.test.mock.mockito.MockitoTestExecutionListener@16949dfa, org.springframework.boot.test.autoconfigure.SpringBootDependencyInjectionTestExecutionListener@d6d683e, org.springframework.test.context.support.DirtiesContextTestExecutionListener@42cfd794, org.springframework.test.context.event.EventPublishingTestExecutionListener@43778371, org.springframework.boot.test.autoconfigure.restdocs.RestDocsTestExecutionListener@71beada8, org.springframework.boot.test.autoconfigure.web.client.MockRestServiceServerResetTestExecutionListener@17f41739, org.springframework.boot.test.autoconfigure.web.servlet.MockMvcPrintOnlyOnFailureTestExecutionListener@2b3b1124, org.springframework.boot.test.autoconfigure.web.servlet.WebDriverTestExecutionListener@54286339, org.springframework.boot.test.autoconfigure.webservices.client.MockWebServiceServerTestExecutionListener@507f47f9, org.springframework.boot.test.mock.mockito.ResetMocksTestExecutionListener@6785df10]
]]></system-out>
  <system-err><![CDATA[]]></system-err>
</testsuite>
