<?xml version="1.0" encoding="UTF-8"?>
<testsuite name="com.desafio.CuponServiceTest" tests="1" skipped="1" failures="0" errors="0" timestamp="2019-06-03T03:49:08" hostname="MSI" time="45.802">
  <properties/>
  <testcase name="validaExpireDateWhenDateIsAfter" classname="com.desafio.CuponServiceTest" time="45.802">
    <skipped/>
  </testcase>
  <system-out><![CDATA[]]></system-out>
  <system-err><![CDATA[]]></system-err>
</testsuite>
